<?xml version="1.0" encoding="UTF-8"?>
<!-- Generated by org.testng.reporters.JUnitXMLReporter -->
<testsuite ignored="2" hostname="DESKTOP-6GIO5QQ" failures="0" tests="1" name="Default test" time="18.982" errors="0" timestamp="2022-12-28T13:12:07 IST">
  <testcase classname="com.shoponline.ShoponlineApplicationTests" name="cart" time="18.897"/>
  <testcase classname="com.shoponline.ShoponlineApplicationTests" name="login" time="0.0">
    <ignored/>
  </testcase> <!-- login -->
  <testcase classname="com.shoponline.ShoponlineApplicationTests" name="register" time="0.0">
    <ignored/>
  </testcase> <!-- register -->
</testsuite> <!-- Default test -->
