<?xml version="1.0" encoding="UTF-8"?>
<!-- Generated by org.testng.reporters.JUnitXMLReporter -->
<testsuite ignored="2" hostname="DESKTOP-6GIO5QQ" failures="0" tests="1" name="Default test" time="43.363" errors="0" timestamp="2023-01-03T17:01:13 IST">
  <testcase classname="com.shoponline.ShoponlineApplicationTests" name="cart" time="43.291"/>
  <testcase classname="com.shoponline.ShoponlineApplicationTests" name="register" time="0.0">
    <ignored/>
  </testcase> <!-- register -->
  <testcase classname="com.shoponline.ShoponlineApplicationTests" name="login" time="0.0">
    <ignored/>
  </testcase> <!-- login -->
</testsuite> <!-- Default test -->
