<?xml version="1.0" encoding="UTF-8"?>
<testng-results ignored="2" total="3" passed="1" failed="0" skipped="0">
  <reporter-output>
  </reporter-output>
  <suite started-at="2022-12-28T13:11:48 IST" name="Default suite" finished-at="2022-12-28T13:12:07 IST" duration-ms="18982">
    <groups>
    </groups>
    <test started-at="2022-12-28T13:11:48 IST" name="Default test" finished-at="2022-12-28T13:12:07 IST" duration-ms="18982">
      <class name="com.shoponline.ShoponlineApplicationTests">
        <test-method signature="cart()[pri:0, instance:com.shoponline.ShoponlineApplicationTests@638ef7ed]" started-at="2022-12-28T13:11:48 IST" name="cart" finished-at="2022-12-28T13:12:07 IST" duration-ms="18897" status="PASS">
          <reporter-output>
          </reporter-output>
        </test-method> <!-- cart -->
      </class> <!-- com.shoponline.ShoponlineApplicationTests -->
    </test> <!-- Default test -->
  </suite> <!-- Default suite -->
</testng-results>
