<?xml version="1.0" encoding="UTF-8"?>
<testng-results ignored="2" total="3" passed="1" failed="0" skipped="0">
  <reporter-output>
  </reporter-output>
  <suite started-at="2023-01-03T17:00:30 IST" name="Default suite" finished-at="2023-01-03T17:01:13 IST" duration-ms="43363">
    <groups>
    </groups>
    <test started-at="2023-01-03T17:00:30 IST" name="Default test" finished-at="2023-01-03T17:01:13 IST" duration-ms="43363">
      <class name="com.shoponline.ShoponlineApplicationTests">
        <test-method signature="cart()[pri:0, instance:com.shoponline.ShoponlineApplicationTests@47c81abf]" started-at="2023-01-03T17:00:30 IST" name="cart" finished-at="2023-01-03T17:01:13 IST" duration-ms="43291" status="PASS">
          <reporter-output>
          </reporter-output>
        </test-method> <!-- cart -->
      </class> <!-- com.shoponline.ShoponlineApplicationTests -->
    </test> <!-- Default test -->
  </suite> <!-- Default suite -->
</testng-results>
